{"name":"Verify Login Page","status":"failed","statusDetails":{"known":false,"muted":false,"flaky":false,"message":"Invalid element state: element click intercepted: Element <button type=\"submit\" class=\"sign-up-btn btn btn-warning btn-md font-24-lh-28-medium\" style=\"width: 534px;\">...</button> is not clickable at point (683, 588). Other element would receive the click: <span class=\"phpdebugbar-text\">...</span>\nTimeout: 10 s.\nCaused by: ElementClickInterceptedException: element click intercepted: Element <button type=\"submit\" class=\"sign-up-btn btn btn-warning btn-md font-24-lh-28-medium\" style=\"width: 534px;\">...</button> is not clickable at point (683, 588). Other element would receive the click: <span class=\"phpdebugbar-text\">...</span>","trace":"Invalid element state: element click intercepted: Element <button type=\"submit\" class=\"sign-up-btn btn btn-warning btn-md font-24-lh-28-medium\" style=\"width: 534px;\">...</button> is not clickable at point (683, 588). Other element would receive the click: <span class=\"phpdebugbar-text\">...</span>\nTimeout: 10 s.\nCaused by: ElementClickInterceptedException: element click intercepted: Element <button type=\"submit\" class=\"sign-up-btn btn btn-warning btn-md font-24-lh-28-medium\" style=\"width: 534px;\">...</button> is not clickable at point (683, 588). Other element would receive the click: <span class=\"phpdebugbar-text\">...</span>\r\n\tat com.codeborne.selenide.impl.SelenideElementProxy.dispatchAndRetry(SelenideElementProxy.java:125)\r\n\tat com.codeborne.selenide.impl.SelenideElementProxy.invoke(SelenideElementProxy.java:65)\r\n\tat com.sun.proxy.$Proxy22.click(Unknown Source)\r\n\tat pageobjects.pages.AfdalAnalyticsSignUpPage.Email_validation_N(AfdalAnalyticsSignUpPage.java:404)\r\n\tat java.base/jdk.internal.reflect.NativeMethodAccessorImpl.invoke0(Native Method)\r\n\tat java.base/jdk.internal.reflect.NativeMethodAccessorImpl.invoke(NativeMethodAccessorImpl.java:64)\r\n\tat java.base/jdk.internal.reflect.DelegatingMethodAccessorImpl.invoke(DelegatingMethodAccessorImpl.java:43)\r\n\tat java.base/java.lang.reflect.Method.invoke(Method.java:564)\r\n\tat utilities.LoggingHandler.invoke(LoggingHandler.java:42)\r\n\tat com.sun.proxy.$Proxy23.Email_validation_N(Unknown Source)\r\n\tat ImplementationClasses.AfdalAnalyticsSignUpImpl.execute(AfdalAnalyticsSignUpImpl.java:34)\r\n\tat BaseClasses.FeatureExecutor.performFeature(FeatureExecutor.java:30)\r\n\tat BaseClasses.FeatureExecutor.lambda$execute$0(FeatureExecutor.java:22)\r\n\tat java.base/java.util.ArrayList.forEach(ArrayList.java:1511)\r\n\tat BaseClasses.FeatureExecutor.execute(FeatureExecutor.java:20)\r\n\tat BaseClasses.AfdalAnalyticsBaseTest.trigger(AfdalAnalyticsBaseTest.java:27)\r\n\tat test.HomePage.AfdalSignupPageValidation.verifySignupPage(AfdalSignupPageValidation.java:15)\r\n\tat java.base/jdk.internal.reflect.NativeMethodAccessorImpl.invoke0(Native Method)\r\n\tat java.base/jdk.internal.reflect.NativeMethodAccessorImpl.invoke(NativeMethodAccessorImpl.java:64)\r\n\tat java.base/jdk.internal.reflect.DelegatingMethodAccessorImpl.invoke(DelegatingMethodAccessorImpl.java:43)\r\n\tat java.base/java.lang.reflect.Method.invoke(Method.java:564)\r\n\tat org.testng.internal.MethodInvocationHelper.invokeMethod(MethodInvocationHelper.java:124)\r\n\tat org.testng.internal.Invoker.invokeMethod(Invoker.java:583)\r\n\tat org.testng.internal.Invoker.invokeTestMethod(Invoker.java:719)\r\n\tat org.testng.internal.Invoker.invokeTestMethods(Invoker.java:989)\r\n\tat org.testng.internal.TestMethodWorker.invokeTestMethods(TestMethodWorker.java:125)\r\n\tat org.testng.internal.TestMethodWorker.run(TestMethodWorker.java:109)\r\n\tat org.testng.TestRunner.privateRun(TestRunner.java:648)\r\n\tat org.testng.TestRunner.run(TestRunner.java:505)\r\n\tat org.testng.SuiteRunner.runTest(SuiteRunner.java:455)\r\n\tat org.testng.SuiteRunner.runSequentially(SuiteRunner.java:450)\r\n\tat org.testng.SuiteRunner.privateRun(SuiteRunner.java:415)\r\n\tat org.testng.SuiteRunner.run(SuiteRunner.java:364)\r\n\tat org.testng.SuiteRunnerWorker.runSuite(SuiteRunnerWorker.java:52)\r\n\tat org.testng.SuiteRunnerWorker.run(SuiteRunnerWorker.java:84)\r\n\tat org.testng.TestNG.runSuitesSequentially(TestNG.java:1208)\r\n\tat org.testng.TestNG.runSuitesLocally(TestNG.java:1137)\r\n\tat org.testng.TestNG.runSuites(TestNG.java:1049)\r\n\tat org.testng.TestNG.run(TestNG.java:1017)\r\n\tat com.intellij.rt.testng.IDEARemoteTestNG.run(IDEARemoteTestNG.java:66)\r\n\tat com.intellij.rt.testng.RemoteTestNGStarter.main(RemoteTestNGStarter.java:109)\r\nCaused by: org.openqa.selenium.ElementClickInterceptedException: element click intercepted: Element <button type=\"submit\" class=\"sign-up-btn btn btn-warning btn-md font-24-lh-28-medium\" style=\"width: 534px;\">...</button> is not clickable at point (683, 588). Other element would receive the click: <span class=\"phpdebugbar-text\">...</span>\n  (Session info: chrome=107.0.5304.89)\nBuild info: version: '3.141.59', revision: 'e82be7d358', time: '2018-11-14T08:17:03'\nSystem info: host: 'VPLVM1', ip: '10.1.0.8', os.name: 'Windows Server 2019', os.arch: 'amd64', os.version: '10.0', java.version: '15.0.5'\nDriver info: org.openqa.selenium.chrome.ChromeDriver\nCapabilities {acceptInsecureCerts: true, browserName: chrome, browserVersion: 107.0.5304.89, chrome: {chromedriverVersion: 107.0.5304.62 (1eec40d3a576..., userDataDir: C:\\Users\\team2\\AppData\\Loca...}, goog:chromeOptions: {debuggerAddress: localhost:64358}, javascriptEnabled: true, networkConnectionEnabled: false, pageLoadStrategy: normal, platform: WINDOWS, platformName: WINDOWS, proxy: Proxy(), setWindowRect: true, strictFileInteractability: false, timeouts: {implicit: 0, pageLoad: 300000, script: 30000}, unhandledPromptBehavior: accept, webauthn:extension:credBlob: true, webauthn:extension:largeBlob: true, webauthn:virtualAuthenticators: true}\nSession ID: 52b60f464f9515004216944203044cec\r\n\tat jdk.internal.reflect.GeneratedConstructorAccessor13.newInstance(Unknown Source)\r\n\tat java.base/jdk.internal.reflect.DelegatingConstructorAccessorImpl.newInstance(DelegatingConstructorAccessorImpl.java:45)\r\n\tat java.base/java.lang.reflect.Constructor.newInstanceWithCaller(Constructor.java:500)\r\n\tat java.base/java.lang.reflect.Constructor.newInstance(Constructor.java:481)\r\n\tat org.openqa.selenium.remote.http.W3CHttpResponseCodec.createException(W3CHttpResponseCodec.java:187)\r\n\tat org.openqa.selenium.remote.http.W3CHttpResponseCodec.decode(W3CHttpResponseCodec.java:122)\r\n\tat org.openqa.selenium.remote.http.W3CHttpResponseCodec.decode(W3CHttpResponseCodec.java:49)\r\n\tat org.openqa.selenium.remote.HttpCommandExecutor.execute(HttpCommandExecutor.java:158)\r\n\tat org.openqa.selenium.remote.service.DriverCommandExecutor.execute(DriverCommandExecutor.java:83)\r\n\tat org.openqa.selenium.remote.RemoteWebDriver.execute(RemoteWebDriver.java:552)\r\n\tat org.openqa.selenium.remote.RemoteWebElement.execute(RemoteWebElement.java:285)\r\n\tat org.openqa.selenium.remote.RemoteWebElement.click(RemoteWebElement.java:84)\r\n\tat com.codeborne.selenide.commands.Click.click(Click.java:26)\r\n\tat com.codeborne.selenide.commands.Click.execute(Click.java:13)\r\n\tat com.codeborne.selenide.commands.Click.execute(Click.java:9)\r\n\tat com.codeborne.selenide.commands.Commands.execute(Commands.java:148)\r\n\tat com.codeborne.selenide.impl.SelenideElementProxy.dispatchAndRetry(SelenideElementProxy.java:99)\r\n\t... 40 more\r\n"},"stage":"finished","steps":[],"attachments":[],"parameters":[],"start":1668098256136,"stop":1668098359227,"uuid":"109acf16-83e0-48ed-83d6-32553bdcba7b","historyId":"8b573f855219d434bfe46ffd21e8affc","fullName":"test.HomePage.AfdalSignupPageValidation.verifySignupPage","labels":[{"name":"package","value":"test.HomePage.AfdalSignupPageValidation"},{"name":"testClass","value":"test.HomePage.AfdalSignupPageValidation"},{"name":"testMethod","value":"verifySignupPage"},{"name":"parentSuite","value":"Default Suite"},{"name":"suite","value":"README.md"},{"name":"subSuite","value":"test.HomePage.AfdalSignupPageValidation"},{"name":"host","value":"VPLVM1"},{"name":"thread","value":"12800@VPLVM1.main(1)"},{"name":"framework","value":"testng"},{"name":"language","value":"java"}],"links":[]}