{"name":"Verify Pricing Page","status":"failed","statusDetails":{"known":false,"muted":false,"flaky":false,"message":"Element not found {By.xpath: //div[@id='tabs']//a[@href='#essential']}\nExpected: exist\nTimeout: 10 s.\nCaused by: NoSuchElementException: no such element: Unable to locate element: {\"method\":\"xpath\",\"selector\":\"//div[@id='tabs']//a[@href='#essential']\"}","trace":"Element not found {By.xpath: //div[@id='tabs']//a[@href='#essential']}\nExpected: exist\nTimeout: 10 s.\nCaused by: NoSuchElementException: no such element: Unable to locate element: {\"method\":\"xpath\",\"selector\":\"//div[@id='tabs']//a[@href='#essential']\"}\r\n\tat com.codeborne.selenide.impl.WebElementSource.createElementNotFoundError(WebElementSource.java:37)\r\n\tat com.codeborne.selenide.impl.ElementFinder.createElementNotFoundError(ElementFinder.java:100)\r\n\tat com.codeborne.selenide.impl.SelenideElementProxy.dispatchAndRetry(SelenideElementProxy.java:131)\r\n\tat com.codeborne.selenide.impl.SelenideElementProxy.invoke(SelenideElementProxy.java:65)\r\n\tat jdk.proxy2/jdk.proxy2.$Proxy22.isSelected(Unknown Source)\r\n\tat pageobjects.pages.AfdalAnalyticsPricingPage.Verify_Is_Essl_Plan_Auto_Selected(AfdalAnalyticsPricingPage.java:119)\r\n\tat java.base/jdk.internal.reflect.NativeMethodAccessorImpl.invoke0(Native Method)\r\n\tat java.base/jdk.internal.reflect.NativeMethodAccessorImpl.invoke(NativeMethodAccessorImpl.java:77)\r\n\tat java.base/jdk.internal.reflect.DelegatingMethodAccessorImpl.invoke(DelegatingMethodAccessorImpl.java:43)\r\n\tat java.base/java.lang.reflect.Method.invoke(Method.java:568)\r\n\tat utilities.LoggingHandler.invoke(LoggingHandler.java:42)\r\n\tat jdk.proxy2/jdk.proxy2.$Proxy25.Verify_Is_Essl_Plan_Auto_Selected(Unknown Source)\r\n\tat ImplementationClasses.AfdalAnalyticsPricingImpl.execute(AfdalAnalyticsPricingImpl.java:21)\r\n\tat BaseClasses.FeatureExecutor.performFeature(FeatureExecutor.java:34)\r\n\tat BaseClasses.FeatureExecutor.lambda$execute$0(FeatureExecutor.java:23)\r\n\tat java.base/java.util.ArrayList.forEach(ArrayList.java:1511)\r\n\tat BaseClasses.FeatureExecutor.execute(FeatureExecutor.java:20)\r\n\tat BaseClasses.AfdalAnalyticsBaseTest.trigger(AfdalAnalyticsBaseTest.java:27)\r\n\tat test.HomePage.AfdalPricingValidation.verifyPricing_Arabic(AfdalPricingValidation.java:12)\r\n\tat java.base/jdk.internal.reflect.NativeMethodAccessorImpl.invoke0(Native Method)\r\n\tat java.base/jdk.internal.reflect.NativeMethodAccessorImpl.invoke(NativeMethodAccessorImpl.java:77)\r\n\tat java.base/jdk.internal.reflect.DelegatingMethodAccessorImpl.invoke(DelegatingMethodAccessorImpl.java:43)\r\n\tat java.base/java.lang.reflect.Method.invoke(Method.java:568)\r\n\tat org.testng.internal.MethodInvocationHelper.invokeMethod(MethodInvocationHelper.java:124)\r\n\tat org.testng.internal.Invoker.invokeMethod(Invoker.java:583)\r\n\tat org.testng.internal.Invoker.invokeTestMethod(Invoker.java:719)\r\n\tat org.testng.internal.Invoker.invokeTestMethods(Invoker.java:989)\r\n\tat org.testng.internal.TestMethodWorker.invokeTestMethods(TestMethodWorker.java:125)\r\n\tat org.testng.internal.TestMethodWorker.run(TestMethodWorker.java:109)\r\n\tat java.base/java.util.concurrent.ThreadPoolExecutor.runWorker(ThreadPoolExecutor.java:1136)\r\n\tat java.base/java.util.concurrent.ThreadPoolExecutor$Worker.run(ThreadPoolExecutor.java:635)\r\n\tat java.base/java.lang.Thread.run(Thread.java:833)\r\nCaused by: org.openqa.selenium.NoSuchElementException: no such element: Unable to locate element: {\"method\":\"xpath\",\"selector\":\"//div[@id='tabs']//a[@href='#essential']\"}\n  (Session info: chrome=108.0.5359.126)\nFor documentation on this error, please visit: https://www.seleniumhq.org/exceptions/no_such_element.html\nBuild info: version: '3.141.59', revision: 'e82be7d358', time: '2018-11-14T08:17:03'\nSystem info: host: 'VPLRDS01', ip: '192.168.1.26', os.name: 'Windows Server 2016', os.arch: 'amd64', os.version: '10.0', java.version: '17.0.4.1'\nDriver info: org.openqa.selenium.chrome.ChromeDriver\nCapabilities {acceptInsecureCerts: true, browserName: chrome, browserVersion: 108.0.5359.126, chrome: {chromedriverVersion: 108.0.5359.71 (1e0e3868ee06..., userDataDir: C:\\Users\\gs1\\AppData\\Local\\...}, goog:chromeOptions: {debuggerAddress: localhost:22259}, javascriptEnabled: true, networkConnectionEnabled: false, pageLoadStrategy: normal, platform: WINDOWS, platformName: WINDOWS, proxy: Proxy(), setWindowRect: true, strictFileInteractability: false, timeouts: {implicit: 0, pageLoad: 300000, script: 30000}, unhandledPromptBehavior: accept, webauthn:extension:credBlob: true, webauthn:extension:largeBlob: true, webauthn:virtualAuthenticators: true}\nSession ID: 3a1fc04cda44a8e92a24556492fa89db\n*** Element info: {Using=xpath, value=//div[@id='tabs']//a[@href='#essential']}\r\n\tat jdk.internal.reflect.GeneratedConstructorAccessor16.newInstance(Unknown Source)\r\n\tat java.base/jdk.internal.reflect.DelegatingConstructorAccessorImpl.newInstance(DelegatingConstructorAccessorImpl.java:45)\r\n\tat java.base/java.lang.reflect.Constructor.newInstanceWithCaller(Constructor.java:499)\r\n\tat java.base/java.lang.reflect.Constructor.newInstance(Constructor.java:480)\r\n\tat org.openqa.selenium.remote.http.W3CHttpResponseCodec.createException(W3CHttpResponseCodec.java:187)\r\n\tat org.openqa.selenium.remote.http.W3CHttpResponseCodec.decode(W3CHttpResponseCodec.java:122)\r\n\tat org.openqa.selenium.remote.http.W3CHttpResponseCodec.decode(W3CHttpResponseCodec.java:49)\r\n\tat org.openqa.selenium.remote.HttpCommandExecutor.execute(HttpCommandExecutor.java:158)\r\n\tat org.openqa.selenium.remote.service.DriverCommandExecutor.execute(DriverCommandExecutor.java:83)\r\n\tat org.openqa.selenium.remote.RemoteWebDriver.execute(RemoteWebDriver.java:552)\r\n\tat org.openqa.selenium.remote.RemoteWebDriver.findElement(RemoteWebDriver.java:323)\r\n\tat org.openqa.selenium.remote.RemoteWebDriver.findElementByXPath(RemoteWebDriver.java:428)\r\n\tat org.openqa.selenium.By$ByXPath.findElement(By.java:353)\r\n\tat org.openqa.selenium.remote.RemoteWebDriver.findElement(RemoteWebDriver.java:315)\r\n\tat com.codeborne.selenide.impl.WebElementSelector.findElement(WebElementSelector.java:30)\r\n\tat com.codeborne.selenide.impl.ElementFinder.getWebElement(ElementFinder.java:74)\r\n\tat com.codeborne.selenide.impl.SelenideElementProxy.dispatchAndRetry(SelenideElementProxy.java:102)\r\n\t... 29 more\r\n"},"stage":"finished","steps":[],"attachments":[],"parameters":[],"start":1673555898723,"stop":1673555923835,"uuid":"5abde063-d72b-4286-b5e0-afebe6c75842","historyId":"42960121217e934624618eb1c7a75018","fullName":"test.HomePage.AfdalPricingValidation.verifyPricing_Arabic","labels":[{"name":"package","value":"test.HomePage.AfdalPricingValidation"},{"name":"testClass","value":"test.HomePage.AfdalPricingValidation"},{"name":"testMethod","value":"verifyPricing_Arabic"},{"name":"parentSuite","value":"Afdal Analytics Validation Suite"},{"name":"suite","value":"Afdal Analytics Login Page Ui Validation"},{"name":"subSuite","value":"test.HomePage.AfdalPricingValidation"},{"name":"host","value":"VPLRDS01"},{"name":"thread","value":"21352@VPLRDS01.TestNG-test=Afdal Analytics Login Page Ui Validation-3(51)"},{"name":"framework","value":"testng"},{"name":"language","value":"java"}],"links":[]}