<?xml version="1.0" encoding="UTF-8"?>
<!-- Generated by org.testng.reporters.JUnitXMLReporter -->
<testsuite ignored="0" hostname="VPLVM1" failures="0" tests="0" name="EcloudMS New Customer Details From Recent Activity" time="0.049" errors="0" timestamp="23 Mar 2022 15:48:31 GMT">
  <testcase classname="BaseClasses.BaseWebTest" name="@BeforeTest beforeSuite" time="0.0">
    <failure type="org.testng.TestNGException" message="
Parameter &amp;apos;browser&amp;apos; is required by BeforeTest on method beforeSuite but has not been marked @Optional or defined
in C:\Users\team2\IdeaProjects\Web_API_Mobile_framework\WEB_UI_Module\src\main\resources\WebUI.xml">
      <![CDATA[org.testng.TestNGException: 
Parameter 'browser' is required by BeforeTest on method beforeSuite but has not been marked @Optional or defined
in C:\Users\team2\IdeaProjects\Web_API_Mobile_framework\WEB_UI_Module\src\main\resources\WebUI.xml
... Removed 25 stack frames]]>
    </failure>
  </testcase> <!-- @BeforeTest beforeSuite -->
  <testcase classname="BaseClasses.BaseWebTest" name="@BeforeMethod beforeMethod" time="0.0">
    <skipped/>
  </testcase> <!-- @BeforeMethod beforeMethod -->
  <testcase classname="BaseClasses.BaseWebTest" name="@AfterTest getReport" time="0.0">
    <skipped/>
  </testcase> <!-- @AfterTest getReport -->
</testsuite> <!-- EcloudMS New Customer Details From Recent Activity -->
